TN:
SF:src\app.ts
FN:9,main
FNF:1
FNH:1
FNDA:1,main
DA:1,1
DA:2,1
DA:3,1
DA:4,1
DA:5,1
DA:6,1
DA:7,1
DA:8,1
DA:9,1
DA:10,1
DA:11,1
DA:12,1
DA:13,1
DA:14,1
DA:15,1
DA:16,1
LF:16
LH:16
BRDA:5,0,0,1
BRDA:9,1,0,1
BRF:2
BRH:2
end_of_record
TN:
SF:src\config\envs.ts
FNF:0
FNH:0
DA:1,1
DA:2,1
DA:3,1
DA:4,1
DA:5,1
DA:6,1
DA:7,1
LF:7
LH:7
BRF:0
BRH:0
end_of_record
TN:
SF:src\data\postgres\index.ts
FNF:0
FNH:0
DA:1,1
DA:2,1
DA:3,1
LF:3
LH:3
BRF:0
BRH:0
end_of_record
TN:
SF:src\domain\index.ts
FNF:0
FNH:0
DA:1,1
DA:2,1
DA:3,1
DA:4,1
DA:5,1
DA:6,1
DA:7,1
DA:8,1
DA:9,1
DA:10,1
DA:11,1
DA:12,1
DA:13,1
DA:14,1
LF:14
LH:14
BRF:0
BRH:0
end_of_record
TN:
SF:src\domain\dtos\todos\create-todo.dto.ts
FN:2,CreateTodoDto
FN:6,create
FNF:2
FNH:2
FNDA:1,CreateTodoDto
FNDA:3,create
DA:1,1
DA:2,1
DA:3,1
DA:4,1
DA:5,1
DA:6,1
DA:7,3
DA:8,3
DA:9,1
DA:10,1
DA:11,1
LF:11
LH:11
BRDA:2,0,0,1
BRDA:6,1,0,3
BRDA:8,2,0,1
BRDA:8,3,0,2
BRDA:9,4,0,1
BRF:5
BRH:5
end_of_record
TN:
SF:src\domain\errors\custom.error.ts
FN:2,CustomError
FNF:1
FNH:1
FNDA:3,CustomError
DA:1,1
DA:2,1
DA:3,3
DA:4,3
DA:5,3
DA:6,3
DA:7,3
DA:8,1
LF:8
LH:8
BRDA:2,0,0,3
BRF:1
BRH:1
end_of_record
TN:
SF:src\infrastructure\datasource\todo.datasource.impl.ts
FN:11,create
FN:15,getAll
FN:19,findById
FN:24,updateById
FN:34,deleteById
FNF:5
FNH:5
FNDA:1,create
FNDA:1,getAll
FNDA:8,findById
FNDA:4,updateById
FNDA:2,deleteById
DA:1,1
DA:2,1
DA:3,1
DA:4,1
DA:5,1
DA:6,1
DA:7,1
DA:8,1
DA:9,1
DA:10,1
DA:11,1
DA:12,1
DA:13,1
DA:14,1
DA:15,1
DA:16,1
DA:17,1
DA:18,1
DA:19,1
DA:20,8
DA:21,8
DA:22,5
DA:23,5
DA:24,1
DA:25,4
DA:26,3
DA:27,3
DA:28,3
DA:29,3
DA:30,3
DA:31,3
DA:32,3
DA:33,3
DA:34,1
DA:35,2
DA:36,1
DA:37,1
DA:38,1
DA:39,1
DA:40,1
LF:40
LH:40
BRDA:11,0,0,1
BRDA:15,1,0,1
BRDA:17,2,0,2
BRDA:19,3,0,8
BRDA:21,4,0,3
BRDA:22,5,0,5
BRDA:24,6,0,4
BRDA:26,7,0,3
BRDA:34,8,0,2
BRDA:36,9,0,1
BRF:10
BRH:10
end_of_record
TN:
SF:src\presentation\server.ts
FN:18,Server
FN:25,start
FN:50,close
FNF:3
FNH:3
FNDA:1,Server
FNDA:1,start
FNDA:1,close
DA:1,1
DA:2,1
DA:3,1
DA:4,1
DA:5,1
DA:6,1
DA:7,1
DA:8,1
DA:9,1
DA:10,1
DA:11,1
DA:12,1
DA:13,1
DA:14,1
DA:15,1
DA:16,1
DA:17,1
DA:18,1
DA:19,1
DA:20,1
DA:21,1
DA:22,1
DA:23,1
DA:24,1
DA:25,1
DA:26,1
DA:27,1
DA:28,1
DA:29,1
DA:30,1
DA:31,1
DA:32,1
DA:33,1
DA:34,1
DA:35,1
DA:36,1
DA:37,1
DA:38,1
DA:39,1
DA:40,0
DA:41,0
DA:42,1
DA:43,1
DA:44,1
DA:45,1
DA:46,1
DA:47,1
DA:48,1
DA:49,1
DA:50,1
DA:51,1
DA:52,1
DA:53,1
LF:53
LH:51
BRDA:18,0,0,1
BRDA:25,1,0,1
BRDA:44,2,0,1
BRDA:50,3,0,1
BRDA:51,4,0,0
BRF:5
BRH:4
end_of_record
TN:
SF:src\presentation\todos\controller.ts
FN:16,TodosController
FN:18,TodosController.handleError
FN:25,TodosController.getTodos
FN:32,TodosController.getTodoById
FN:40,TodosController.createTodo
FN:49,TodosController.updateTodo
FN:59,TodosController.deleteTodo
FNF:7
FNH:7
FNDA:2,TodosController
FNDA:5,TodosController.handleError
FNDA:1,TodosController.getTodos
FNDA:2,TodosController.getTodoById
FNDA:3,TodosController.createTodo
FNDA:4,TodosController.updateTodo
FNDA:2,TodosController.deleteTodo
DA:1,1
DA:2,1
DA:3,1
DA:4,1
DA:5,1
DA:6,1
DA:7,1
DA:8,1
DA:9,1
DA:10,1
DA:11,1
DA:12,1
DA:13,1
DA:14,1
DA:15,1
DA:16,1
DA:17,1
DA:18,1
DA:19,5
DA:20,3
DA:21,3
DA:22,2
DA:23,2
DA:24,1
DA:25,1
DA:26,1
DA:27,1
DA:28,1
DA:29,1
DA:30,1
DA:31,1
DA:32,1
DA:33,2
DA:34,2
DA:35,2
DA:36,2
DA:37,2
DA:38,1
DA:39,1
DA:40,1
DA:41,3
DA:42,3
DA:43,1
DA:44,1
DA:45,1
DA:46,1
DA:47,1
DA:48,1
DA:49,1
DA:50,4
DA:51,4
DA:52,4
DA:53,4
DA:54,4
DA:55,4
DA:56,4
DA:57,1
DA:58,1
DA:59,1
DA:60,2
DA:61,2
DA:62,2
DA:63,2
DA:64,2
DA:65,1
DA:66,1
LF:66
LH:66
BRDA:16,0,0,2
BRDA:18,1,0,5
BRDA:19,2,0,3
BRDA:22,3,0,2
BRDA:25,4,0,1
BRDA:28,5,0,1
BRDA:32,6,0,2
BRDA:36,7,0,1
BRDA:37,8,0,1
BRDA:40,9,0,3
BRDA:42,10,0,2
BRDA:43,11,0,1
BRDA:45,12,0,1
BRDA:49,13,0,4
BRDA:52,14,0,0
BRDA:55,15,0,3
BRDA:56,16,0,1
BRDA:59,17,0,2
BRDA:63,18,0,1
BRDA:64,19,0,1
BRF:20
BRH:19
end_of_record
TN:
SF:tests\test-server.ts
FNF:0
FNH:0
DA:1,1
DA:2,1
DA:3,1
DA:4,1
DA:5,1
DA:6,1
DA:7,1
DA:8,1
LF:8
LH:8
BRF:0
BRH:0
end_of_record
